<?xml version="1.0" encoding="UTF-8"?>
<testng-results ignored="0" total="0" passed="0" failed="0" skipped="0">
  <reporter-output>
  </reporter-output>
  <suite started-at="2023-08-17T11:36:37 AST" name="Surefire suite" finished-at="2023-08-17T11:36:39 AST" duration-ms="2663">
    <groups>
    </groups>
    <test started-at="2023-08-17T11:36:37 AST" name="Surefire test" finished-at="2023-08-17T11:36:39 AST" duration-ms="2663">
    </test> <!-- Surefire test -->
  </suite> <!-- Surefire suite -->
</testng-results>
